2024-08-16T13:08:47.377+05:30  INFO 38496 --- [fashionService] [main] c.f.f.FashionServiceApplication          : Starting FashionServiceApplication using Java 19 with PID 38496 (E:\PERSONAL PROJECTS\FashionDrapesApp\fashionService\target\classes started by user in E:\PERSONAL PROJECTS\FashionDrapesApp\fashionService)
2024-08-16T13:08:47.381+05:30  INFO 38496 --- [fashionService] [main] c.f.f.FashionServiceApplication          : No active profile set, falling back to 1 default profile: "default"
2024-08-16T13:08:47.812+05:30  INFO 38496 --- [fashionService] [main] .s.d.r.c.RepositoryConfigurationDelegate : Bootstrapping Spring Data JPA repositories in DEFAULT mode.
2024-08-16T13:08:47.853+05:30  INFO 38496 --- [fashionService] [main] .s.d.r.c.RepositoryConfigurationDelegate : Finished Spring Data repository scanning in 34 ms. Found 1 JPA repository interface.
2024-08-16T13:08:48.196+05:30  INFO 38496 --- [fashionService] [main] o.s.b.w.embedded.tomcat.TomcatWebServer  : Tomcat initialized with port 8077 (http)
2024-08-16T13:08:48.205+05:30  INFO 38496 --- [fashionService] [main] o.apache.catalina.core.StandardService   : Starting service [Tomcat]
2024-08-16T13:08:48.206+05:30  INFO 38496 --- [fashionService] [main] o.apache.catalina.core.StandardEngine    : Starting Servlet engine: [Apache Tomcat/10.1.25]
2024-08-16T13:08:48.243+05:30  INFO 38496 --- [fashionService] [main] o.a.c.c.C.[Tomcat].[localhost].[/]       : Initializing Spring embedded WebApplicationContext
2024-08-16T13:08:48.244+05:30  INFO 38496 --- [fashionService] [main] w.s.c.ServletWebServerApplicationContext : Root WebApplicationContext: initialization completed in 822 ms
2024-08-16T13:08:48.337+05:30  INFO 38496 --- [fashionService] [main] o.hibernate.jpa.internal.util.LogHelper  : HHH000204: Processing PersistenceUnitInfo [name: default]
2024-08-16T13:08:48.370+05:30  INFO 38496 --- [fashionService] [main] org.hibernate.Version                    : HHH000412: Hibernate ORM core version 6.5.2.Final
2024-08-16T13:08:48.394+05:30  INFO 38496 --- [fashionService] [main] o.h.c.internal.RegionFactoryInitiator    : HHH000026: Second-level cache disabled
2024-08-16T13:08:48.577+05:30  INFO 38496 --- [fashionService] [main] o.s.o.j.p.SpringPersistenceUnitInfo      : No LoadTimeWeaver setup: ignoring JPA class transformer
2024-08-16T13:08:48.594+05:30  INFO 38496 --- [fashionService] [main] com.zaxxer.hikari.HikariDataSource       : HikariPool-1 - Starting...
2024-08-16T13:08:48.790+05:30  INFO 38496 --- [fashionService] [main] com.zaxxer.hikari.pool.HikariPool        : HikariPool-1 - Added connection com.mysql.cj.jdbc.ConnectionImpl@1c4057f9
2024-08-16T13:08:48.792+05:30  INFO 38496 --- [fashionService] [main] com.zaxxer.hikari.HikariDataSource       : HikariPool-1 - Start completed.
2024-08-16T13:08:49.423+05:30  INFO 38496 --- [fashionService] [main] o.h.e.t.j.p.i.JtaPlatformInitiator       : HHH000489: No JTA platform available (set 'hibernate.transaction.jta.platform' to enable JTA platform integration)
2024-08-16T13:08:49.552+05:30  INFO 38496 --- [fashionService] [main] j.LocalContainerEntityManagerFactoryBean : Initialized JPA EntityManagerFactory for persistence unit 'default'
2024-08-16T13:08:49.812+05:30  WARN 38496 --- [fashionService] [main] JpaBaseConfiguration$JpaWebConfiguration : spring.jpa.open-in-view is enabled by default. Therefore, database queries may be performed during view rendering. Explicitly configure spring.jpa.open-in-view to disable this warning
2024-08-16T13:08:50.070+05:30  INFO 38496 --- [fashionService] [main] o.s.b.w.embedded.tomcat.TomcatWebServer  : Tomcat started on port 8077 (http) with context path '/'
2024-08-16T13:08:50.077+05:30  INFO 38496 --- [fashionService] [main] c.f.f.FashionServiceApplication          : Started FashionServiceApplication in 2.989 seconds (process running for 3.468)
2024-08-16T13:12:07.538+05:30  INFO 38496 --- [fashionService] [RMI TCP Connection(13)-127.0.0.1] inMXBeanRegistrar$SpringApplicationAdmin : Application shutdown requested.
2024-08-16T13:12:08.055+05:30  INFO 38496 --- [fashionService] [RMI TCP Connection(13)-127.0.0.1] j.LocalContainerEntityManagerFactoryBean : Closing JPA EntityManagerFactory for persistence unit 'default'
2024-08-16T13:12:08.057+05:30  INFO 38496 --- [fashionService] [RMI TCP Connection(13)-127.0.0.1] com.zaxxer.hikari.HikariDataSource       : HikariPool-1 - Shutdown initiated...
2024-08-16T13:12:08.068+05:30  INFO 38496 --- [fashionService] [RMI TCP Connection(13)-127.0.0.1] com.zaxxer.hikari.HikariDataSource       : HikariPool-1 - Shutdown completed.
